<?xml version="1.0" encoding="UTF-8"?>
<!-- Generated by org.testng.reporters.JUnitReportReporter -->
<testsuite hostname="CSCO-W-PF2S4K91" failures="0" tests="1" name="com.swiggy.testscripts.TestRunner" time="22.922" errors="0" timestamp="2021-12-02T21:32:33 IST" skipped="0">
  <testcase classname="com.swiggy.testscripts.TestRunner" name="runScenario" time="22.922"/>
  <system-out/>
</testsuite> <!-- com.swiggy.testscripts.TestRunner -->
